0 info it worked if it ends with ok
1 verbose cli [ '/usr/local/bin/node', '/usr/local/bin/npm', 'run', 'debug' ]
2 info using npm@3.3.12
3 info using node@v5.4.1
4 verbose run-script [ 'predebug', 'debug', 'postdebug' ]
5 info lifecycle ScoScore@1.0.0~predebug: ScoScore@1.0.0
6 silly lifecycle ScoScore@1.0.0~predebug: no script for predebug, continuing
7 info lifecycle ScoScore@1.0.0~debug: ScoScore@1.0.0
8 verbose lifecycle ScoScore@1.0.0~debug: unsafe-perm in lifecycle true
9 verbose lifecycle ScoScore@1.0.0~debug: PATH: /usr/local/lib/node_modules/npm/bin/node-gyp-bin:/Users/jack/code/scoscore/node_modules/.bin:/opt/local/bin:/opt/local/sbin:/Users/jack/app/mongodb/mongodb-osx-x86_64-3.2.1/bin:/usr/local/bin:/usr/bin:/bin:/usr/sbin:/sbin
10 verbose lifecycle ScoScore@1.0.0~debug: CWD: /Users/jack/code/scoscore
11 silly lifecycle ScoScore@1.0.0~debug: Args: [ '-c', 'babel-node index.js webpack ' ]
12 silly lifecycle ScoScore@1.0.0~debug: Returned: code: 1  signal: null
13 info lifecycle ScoScore@1.0.0~debug: Failed to exec debug script
14 verbose stack Error: ScoScore@1.0.0 debug: `babel-node index.js webpack `
14 verbose stack Exit status 1
14 verbose stack     at EventEmitter.<anonymous> (/usr/local/lib/node_modules/npm/lib/utils/lifecycle.js:232:16)
14 verbose stack     at emitTwo (events.js:87:13)
14 verbose stack     at EventEmitter.emit (events.js:172:7)
14 verbose stack     at ChildProcess.<anonymous> (/usr/local/lib/node_modules/npm/lib/utils/spawn.js:24:14)
14 verbose stack     at emitTwo (events.js:87:13)
14 verbose stack     at ChildProcess.emit (events.js:172:7)
14 verbose stack     at maybeClose (internal/child_process.js:821:16)
14 verbose stack     at Process.ChildProcess._handle.onexit (internal/child_process.js:211:5)
15 verbose pkgid ScoScore@1.0.0
16 verbose cwd /Users/jack/code/scoscore
17 error Darwin 15.4.0
18 error argv "/usr/local/bin/node" "/usr/local/bin/npm" "run" "debug"
19 error node v5.4.1
20 error npm  v3.3.12
21 error code ELIFECYCLE
22 error ScoScore@1.0.0 debug: `babel-node index.js webpack `
22 error Exit status 1
23 error Failed at the ScoScore@1.0.0 debug script 'babel-node index.js webpack '.
23 error Make sure you have the latest version of node.js and npm installed.
23 error If you do, this is most likely a problem with the ScoScore package,
23 error not with npm itself.
23 error Tell the author that this fails on your system:
23 error     babel-node index.js webpack
23 error You can get their info via:
23 error     npm owner ls ScoScore
23 error There is likely additional logging output above.
24 verbose exit [ 1, true ]
